#
# There is insufficient memory for the Java Runtime Environment to continue.
# Native memory allocation (mmap) failed to map 134217728 bytes for G1 virtual space
# Possible reasons:
#   The system is out of physical RAM or swap space
#   The process is running with CompressedOops enabled, and the Java Heap may be blocking the growth of the native heap
# Possible solutions:
#   Reduce memory load on the system
#   Increase physical memory or swap space
#   Check if swap backing store is full
#   Decrease Java heap size (-Xmx/-Xms)
#   Decrease number of Java threads
#   Decrease Java thread stack sizes (-Xss)
#   Set larger code cache with -XX:ReservedCodeCacheSize=
#   JVM is running with Unscaled Compressed Oops mode in which the Java heap is
#     placed in the first 4GB address space. The Java Heap base address is the
#     maximum limit for the native heap growth. Please use -XX:HeapBaseMinAddress
#     to set the Java Heap base and to place the Java Heap above 4GB virtual address.
# This output file may be truncated or incomplete.
#
#  Out of Memory Error (os_windows.cpp:3528), pid=7048, tid=24404
#
# JRE version:  (20.0+36) (build )
# Java VM: Java HotSpot(TM) 64-Bit Server VM (20+36-2344, mixed mode, sharing, tiered, compressed oops, compressed class ptrs, g1 gc, windows-amd64)
# No core dump will be written. Minidumps are not enabled by default on client versions of Windows
#

---------------  S U M M A R Y ------------

Command Line: -Dfile.encoding=UTF-8 --module-path=C:\Users\USER\Documents\NetBeansProjects\Hotel Booking System\build\classes hotel.booking.system.AddDriver

Host: Intel(R) Core(TM) i5-8265U CPU @ 1.60GHz, 8 cores, 7G,  Windows 10 , 64 bit Build 19041 (10.0.19041.3155)
Time: Wed Aug 30 14:46:56 2023 India Standard Time elapsed time: 0.015592 seconds (0d 0h 0m 0s)

---------------  T H R E A D  ---------------

Current thread (0x0000017dc6917ee0):  JavaThread "Unknown thread" [_thread_in_vm, id=24404, stack(0x0000006f4c700000,0x0000006f4c800000)]

Stack: [0x0000006f4c700000,0x0000006f4c800000]
Native frames: (J=compiled Java code, j=interpreted, Vv=VM code, C=native code)
V  [jvm.dll+0x6bb95a]
V  [jvm.dll+0x8483aa]
V  [jvm.dll+0x849fa5]
V  [jvm.dll+0x84a6a3]
V  [jvm.dll+0x280b0f]
V  [jvm.dll+0x6b86e9]
V  [jvm.dll+0x6ad2da]
V  [jvm.dll+0x35adf5]
V  [jvm.dll+0x363016]
V  [jvm.dll+0x3b3b3e]
V  [jvm.dll+0x3b3dc5]
V  [jvm.dll+0x32b50a]
V  [jvm.dll+0x32c32b]
V  [jvm.dll+0x81106f]
V  [jvm.dll+0x3c0d91]
V  [jvm.dll+0x7fcd93]
V  [jvm.dll+0x44c76f]
V  [jvm.dll+0x44e0e1]
C  [jli.dll+0x5287]
C  [ucrtbase.dll+0x21bb2]
C  [KERNEL32.DLL+0x17614]
C  [ntdll.dll+0x526b1]


---------------  P R O C E S S  ---------------

Threads class SMR info:
_java_thread_list=0x00007fffffeaa098, length=0, elements={
}

Java Threads: ( => current thread )

Other Threads:
  0x0000017dc6978900 WorkerThread "GC Thread#0" [stack: 0x0000006f4c800000,0x0000006f4c900000] [id=10608]
  0x0000017dc698a550 ConcurrentGCThread "G1 Main Marker" [stack: 0x0000006f4c900000,0x0000006f4ca00000] [id=14824]
  0x0000017dc698ae90 WorkerThread "G1 Conc#0" [stack: 0x0000006f4ca00000,0x0000006f4cb00000] [id=21516]

[error occurred during error reporting (printing all threads), id 0xc0000005, EXCEPTION_ACCESS_VIOLATION (0xc0000005) at pc=0x00007fffff68eb47]
VM state: not at safepoint (not fully initialized)

VM Mutex/Monitor currently owned by a thread:  ([mutex/lock_event])
[0x0000017dc69117f0] Heap_lock - owner thread: 0x0000017dc6917ee0

Heap address: 0x0000000081c00000, size: 2020 MB, Compressed Oops mode: 32-bit

CDS archive(s) mapped at: [0x0000000000000000-0x0000000000000000-0x0000000000000000), size 0, SharedBaseAddress: 0x0000000800000000, ArchiveRelocationMode: 0.
Narrow klass base: 0x0000000000000000, Narrow klass shift: 0, Narrow klass range: 0x0

GC Precious Log:
 CardTable entry size: 512
 Card Set container configuration: InlinePtr #cards 5 size 8 Array Of Cards #cards 12 size 40 Howl #buckets 4 coarsen threshold 1843 Howl Bitmap #cards 512 size 80 coarsen threshold 460 Card regions per heap region 1 cards per card region 2048

Heap:
 garbage-first heap   total 0K, used 0K [0x0000000081c00000, 0x0000000100000000)
  region size 1024K, 0 young (0K), 0 survivors (0K)

[error occurred during error reporting (printing heap information), id 0xc0000005, EXCEPTION_ACCESS_VIOLATION (0xc0000005) at pc=0x00007fffffa63c59]
GC Heap History (0 events):
No events

Dll operation events (1 events):
Event: 0.008 Loaded shared library C:\Program Files\Java\jdk-20\bin\java.dll

Deoptimization events (0 events):
No events

Classes loaded (0 events):
No events

Classes unloaded (0 events):
No events

Classes redefined (0 events):
No events

Internal exceptions (0 events):
No events

VM Operations (0 events):
No events

Events (0 events):
No events


Dynamic libraries:
0x00007ff638cd0000 - 0x00007ff638ce0000 	C:\Program Files\Java\jdk-20\bin\java.exe
0x00007ff8453d0000 - 0x00007ff8455c8000 	C:\Windows\SYSTEM32\ntdll.dll
0x00007ff8448c0000 - 0x00007ff84497f000 	C:\Windows\System32\KERNEL32.DLL
0x00007ff842e90000 - 0x00007ff843186000 	C:\Windows\System32\KERNELBASE.dll
0x00007ff843330000 - 0x00007ff843430000 	C:\Windows\System32\ucrtbase.dll
0x00007ff83cca0000 - 0x00007ff83ccbb000 	C:\Program Files\Java\jdk-20\bin\VCRUNTIME140.dll
0x00007ff83c9d0000 - 0x00007ff83c9e9000 	C:\Program Files\Java\jdk-20\bin\jli.dll
0x00007ff845250000 - 0x00007ff8452ff000 	C:\Windows\System32\ADVAPI32.dll
0x00007ff844bd0000 - 0x00007ff844c6e000 	C:\Windows\System32\msvcrt.dll
0x00007ff8447a0000 - 0x00007ff84483c000 	C:\Windows\System32\sechost.dll
0x00007ff845120000 - 0x00007ff845246000 	C:\Windows\System32\RPCRT4.dll
0x00007ff843d50000 - 0x00007ff843eed000 	C:\Windows\System32\USER32.dll
0x00007ff842e60000 - 0x00007ff842e82000 	C:\Windows\System32\win32u.dll
0x00007ff82d9b0000 - 0x00007ff82dc4a000 	C:\Windows\WinSxS\amd64_microsoft.windows.common-controls_6595b64144ccf1df_6.0.19041.1110_none_60b5254171f9507e\COMCTL32.dll
0x00007ff845040000 - 0x00007ff84506c000 	C:\Windows\System32\GDI32.dll
0x00007ff842be0000 - 0x00007ff842cf5000 	C:\Windows\System32\gdi32full.dll
0x00007ff842ab0000 - 0x00007ff842b4d000 	C:\Windows\System32\msvcp_win.dll
0x00007ff83d300000 - 0x00007ff83d30a000 	C:\Windows\SYSTEM32\VERSION.dll
0x00007ff844640000 - 0x00007ff844670000 	C:\Windows\System32\IMM32.DLL
0x00007ff83cc90000 - 0x00007ff83cc9c000 	C:\Program Files\Java\jdk-20\bin\vcruntime140_1.dll
0x00007ff8290b0000 - 0x00007ff82913e000 	C:\Program Files\Java\jdk-20\bin\msvcp140.dll
0x00007fffff350000 - 0x00007ffffffe7000 	C:\Program Files\Java\jdk-20\bin\server\jvm.dll
0x00007ff83ccc0000 - 0x00007ff83ccc9000 	C:\Windows\SYSTEM32\WSOCK32.dll
0x00007ff844db0000 - 0x00007ff844e1b000 	C:\Windows\System32\WS2_32.dll
0x00007ff829ad0000 - 0x00007ff829af7000 	C:\Windows\SYSTEM32\WINMM.dll
0x00007ff841340000 - 0x00007ff841352000 	C:\Windows\SYSTEM32\kernel.appcore.dll
0x00007ff83c0c0000 - 0x00007ff83c0ca000 	C:\Program Files\Java\jdk-20\bin\jimage.dll
0x00007ff840860000 - 0x00007ff840a44000 	C:\Windows\SYSTEM32\DBGHELP.DLL
0x00007ff82e2f0000 - 0x00007ff82e324000 	C:\Windows\SYSTEM32\dbgcore.DLL
0x00007ff842b50000 - 0x00007ff842bd2000 	C:\Windows\System32\bcryptPrimitives.dll
0x00007ff82e890000 - 0x00007ff82e8b6000 	C:\Program Files\Java\jdk-20\bin\java.dll

dbghelp: loaded successfully - version: 4.0.5 - missing functions: none
symbol engine: initialized successfully - sym options: 0x614 - pdb path: .;C:\Program Files\Java\jdk-20\bin;C:\Windows\SYSTEM32;C:\Windows\WinSxS\amd64_microsoft.windows.common-controls_6595b64144ccf1df_6.0.19041.1110_none_60b5254171f9507e;C:\Program Files\Java\jdk-20\bin\server

VM Arguments:
jvm_args: -Dfile.encoding=UTF-8 --module-path=C:\Users\USER\Documents\NetBeansProjects\Hotel Booking System\build\classes 
java_command: hotel.booking.system.AddDriver
java_class_path (initial): E:\Jar files\mysql-connector-j-8.0.33\mysql-connector-j-8.0.33.jar;C:\Users\USER\Documents\NetBeansProjects\Hotel Booking System\build\classes
Launcher Type: SUN_STANDARD

[Global flags]
     intx CICompilerCount                          = 4                                         {product} {ergonomic}
     uint ConcGCThreads                            = 2                                         {product} {ergonomic}
     uint G1ConcRefinementThreads                  = 8                                         {product} {ergonomic}
   size_t G1HeapRegionSize                         = 1048576                                   {product} {ergonomic}
    uintx GCDrainStackTargetSize                   = 64                                        {product} {ergonomic}
   size_t InitialHeapSize                          = 134217728                                 {product} {ergonomic}
   size_t MarkStackSize                            = 4194304                                   {product} {ergonomic}
   size_t MaxHeapSize                              = 2118123520                                {product} {ergonomic}
   size_t MinHeapDeltaBytes                        = 1048576                                   {product} {ergonomic}
   size_t MinHeapSize                              = 8388608                                   {product} {ergonomic}
    uintx NonNMethodCodeHeapSize                   = 5839372                                {pd product} {ergonomic}
    uintx NonProfiledCodeHeapSize                  = 122909434                              {pd product} {ergonomic}
    uintx ProfiledCodeHeapSize                     = 122909434                              {pd product} {ergonomic}
    uintx ReservedCodeCacheSize                    = 251658240                              {pd product} {ergonomic}
     bool SegmentedCodeCache                       = true                                      {product} {ergonomic}
   size_t SoftMaxHeapSize                          = 2118123520                             {manageable} {ergonomic}
     bool UseCompressedClassPointers               = true                           {product lp64_product} {ergonomic}
     bool UseCompressedOops                        = true                           {product lp64_product} {ergonomic}
     bool UseG1GC                                  = true                                      {product} {ergonomic}
     bool UseLargePagesIndividualAllocation        = false                                  {pd product} {ergonomic}

Logging:
Log output configuration:
 #0: stdout all=warning uptime,level,tags foldmultilines=false
 #1: stderr all=off uptime,level,tags foldmultilines=false

Environment Variables:
PATH=C:\Program Files\Common Files\Oracle\Java\javapath;C:\Program Files (x86)\VMware\VMware Player\bin\;C:\Windows\system32;C:\Windows;C:\Windows\System32\Wbem;C:\Windows\System32\WindowsPowerShell\v1.0\;C:\Windows\System32\OpenSSH\;C:\ProgramData\ComposerSetup\bin;C:\Program Files\Git\cmd;C:\Program Files\MySQL\MySQL Shell 8.0\bin\;C:\Users\USER\AppData\Local\Microsoft\WindowsApps;;C:\Users\USER\AppData\Local\Programs\Microsoft VS Code\bin;C:\Program Files\JetBrains\IntelliJ IDEA Community Edition 2023.1\bin;;C:\xampp\php;C:\Users\USER\composer;C:\Users\USER\AppData\Roaming\Composer\vendor\bin;C:\Users\USER\AppData\Local\ComposerSetup\bin
USERNAME=USER
OS=Windows_NT
PROCESSOR_IDENTIFIER=Intel64 Family 6 Model 142 Stepping 12, GenuineIntel
TMP=C:\Users\USER\AppData\Local\Temp
TEMP=C:\Users\USER\AppData\Local\Temp




---------------  S Y S T E M  ---------------

OS:
 Windows 10 , 64 bit Build 19041 (10.0.19041.3155)
OS uptime: 25 days 19:47 hours

CPU: total 8 (initial active 8) (4 cores per cpu, 2 threads per core) family 6 model 142 stepping 12 microcode 0xb8, cx8, cmov, fxsr, ht, mmx, 3dnowpref, sse, sse2, sse3, ssse3, sse4.1, sse4.2, popcnt, lzcnt, tsc, tscinvbit, avx, avx2, aes, erms, clmul, bmi1, bmi2, adx, fma, vzeroupper, clflush, clflushopt, rdtscp, f16c

Memory: 4k page, system-wide physical 8078M (328M free)
TotalPageFile size 32654M (AvailPageFile size 52M)
current process WorkingSet (physical memory assigned to process): 10M, peak: 10M
current process commit charge ("private bytes"): 60M, peak: 188M

vm_info: Java HotSpot(TM) 64-Bit Server VM (20+36-2344) for windows-amd64 JRE (20+36-2344), built on 2023-02-10T19:30:15Z by "mach5one" with MS VC++ 17.1 (VS2022)

END.
